
15:35:55.851 [http-nio-8080-exec-10] ERROR com.project.daoImpl.RoleDaoImpl - Cannot add or update a child row: a foreign key constraint fails (`repair_shopdb`.`roles`, CONSTRAINT `fk_Roles_Users1` FOREIGN KEY (`id_users`) REFERENCES `users` (`id`))
15:42:49.588 [http-nio-8080-exec-10] ERROR com.project.daoImpl.RoleDaoImpl - Cannot add or update a child row: a foreign key constraint fails (`repair_shopdb`.`roles`, CONSTRAINT `fk_Roles_Users1` FOREIGN KEY (`id_users`) REFERENCES `users` (`id`))
15:49:13.735 [http-nio-8080-exec-9] ERROR com.project.daoImpl.RoleDaoImpl - Cannot add or update a child row: a foreign key constraint fails (`repair_shopdb`.`roles`, CONSTRAINT `fk_Roles_Users1` FOREIGN KEY (`id_users`) REFERENCES `users` (`id`))
17:28:32.264 [http-nio-8080-exec-5] ERROR com.project.daoImpl.OrderDaoImpl - No value specified for parameter 6
17:32:04.047 [http-nio-8080-exec-6] ERROR com.project.daoImpl.OrderDaoImpl - No value specified for parameter 6
17:34:04.381 [http-nio-8080-exec-4] ERROR com.project.daoImpl.OrderDaoImpl - No value specified for parameter 6
17:35:12.939 [http-nio-8080-exec-10] ERROR com.project.daoImpl.OrderDaoImpl - No value specified for parameter 6
17:36:57.456 [http-nio-8080-exec-2] ERROR com.project.daoImpl.OrderDaoImpl - No value specified for parameter 6
17:45:06.907 [http-nio-8080-exec-7] ERROR com.project.controllers.ControllerService - null
17:45:38.822 [http-nio-8080-exec-9] ERROR com.project.controllers.ControllerService - null
17:47:17.768 [http-nio-8080-exec-5] ERROR com.project.controllers.ControllerService - null
18:22:54.439 [http-nio-8080-exec-4] ERROR com.project.controllers.ControllerService - null
18:23:00.802 [http-nio-8080-exec-6] ERROR com.project.controllers.ControllerService - null
18:23:21.123 [http-nio-8080-exec-2] ERROR com.project.controllers.ControllerService - null
18:24:23.613 [http-nio-8080-exec-3] ERROR com.project.controllers.ControllerService - null
18:25:18.249 [http-nio-8080-exec-3] ERROR com.project.controllers.ControllerService - null
18:32:56.847 [http-nio-8080-exec-4] ERROR com.project.controllers.ControllerService - null
18:33:51.666 [http-nio-8080-exec-3] ERROR com.project.controllers.ControllerService - null
18:34:57.959 [http-nio-8080-exec-3] ERROR com.project.controllers.ControllerService - null
22:56:20.446 [http-nio-8080-exec-6] ERROR com.project.controllers.ControllerService - null
23:26:39.768 [http-nio-8080-exec-2] ERROR com.project.controllers.ControllerService - Cannot call sendRedirect() after the response has been committed
23:29:16.562 [http-nio-8080-exec-2] ERROR com.project.controllers.ControllerService - Cannot call sendRedirect() after the response has been committed
20:12:11.502 [http-nio-8080-exec-9] ERROR com.project.daoImpl.OrderDaoImpl - Column 'order_name' cannot be null
20:12:13.084 [http-nio-8080-exec-6] ERROR com.project.daoImpl.OrderDaoImpl - Column 'order_name' cannot be null
20:12:13.724 [http-nio-8080-exec-1] ERROR com.project.daoImpl.OrderDaoImpl - Column 'order_name' cannot be null
20:12:14.183 [http-nio-8080-exec-5] ERROR com.project.daoImpl.OrderDaoImpl - Column 'order_name' cannot be null
20:12:14.426 [http-nio-8080-exec-3] ERROR com.project.daoImpl.OrderDaoImpl - Column 'order_name' cannot be null
20:12:14.809 [http-nio-8080-exec-9] ERROR com.project.daoImpl.OrderDaoImpl - Column 'order_name' cannot be null
20:12:15.204 [http-nio-8080-exec-6] ERROR com.project.daoImpl.OrderDaoImpl - Column 'order_name' cannot be null
20:12:15.599 [http-nio-8080-exec-1] ERROR com.project.daoImpl.OrderDaoImpl - Column 'order_name' cannot be null
20:12:15.819 [http-nio-8080-exec-5] ERROR com.project.daoImpl.OrderDaoImpl - Column 'order_name' cannot be null
20:12:41.635 [http-nio-8080-exec-7] ERROR com.project.daoImpl.OrderDaoImpl - Column 'order_name' cannot be null
20:12:42.383 [http-nio-8080-exec-3] ERROR com.project.daoImpl.OrderDaoImpl - Column 'order_name' cannot be null
20:13:37.908 [http-nio-8080-exec-9] ERROR com.project.daoImpl.OrderDaoImpl - Column 'order_name' cannot be null
15:55:07.383 [http-nio-8080-exec-1] ERROR com.project.controllers.ControllerService - null
16:06:14.152 [http-nio-8080-exec-1] ERROR com.project.controllers.ControllerService - null
18:44:19.264 [http-nio-8080-exec-1] ERROR com.project.controllers.ControllerService - null
12:16:28.536 [http-nio-8080-exec-5] ERROR com.project.utils.WrapperConnector - D:\Project\Java\FinalProjectForEpam\src\main\resources\database.properties (The system cannot find the path specified)
12:16:28.555 [http-nio-8080-exec-5] ERROR com.project.controllers.ControllerService - null
17:26:40.416 [http-nio-8080-exec-4] ERROR com.project.controllers.ControllerService - Cannot create a session after the response has been committed
19:27:00.725 [http-nio-8080-exec-4] ERROR com.project.controllers.ControllerService - Cannot call sendRedirect() after the response has been committed
19:40:02.292 [http-nio-8080-exec-6] ERROR com.project.controllers.ControllerService - null
19:42:19.938 [http-nio-8080-exec-5] ERROR com.project.controllers.ControllerService - null
19:44:09.943 [http-nio-8080-exec-10] ERROR com.project.controllers.ControllerService - null
19:45:11.923 [http-nio-8080-exec-7] ERROR com.project.daoImpl.RoleDaoImpl - Column Index out of range, 2 > 1. 
19:48:37.523 [http-nio-8080-exec-7] ERROR com.project.daoImpl.RoleDaoImpl - Column Index out of range, 2 > 1. 
19:52:24.879 [http-nio-8080-exec-4] ERROR com.project.daoImpl.RoleDaoImpl - Column Index out of range, 2 > 1. 
15:27:39.107 [http-nio-8080-exec-2] ERROR com.project.controllers.ControllerService - An exception occurred processing [/views/admin_view/admin.jsp] at line [71]

68:                     <td>${manager.email}</td>
69:                     <td>
70:                         <form method="POST" action="${pageContext.request.contextPath}/delete_users_controller">
71:                             ${requestScope("emailForDelete",manager.email)}
72:                             <input type="submit" name="Delete" value="Delete">
73:                         </form>
74:                     </td>


Stacktrace:
15:27:43.966 [http-nio-8080-exec-8] ERROR com.project.controllers.ControllerService - An exception occurred processing [/views/admin_view/admin.jsp] at line [71]

68:                     <td>${manager.email}</td>
69:                     <td>
70:                         <form method="POST" action="${pageContext.request.contextPath}/delete_users_controller">
71:                             ${requestScope("emailForDelete",manager.email)}
72:                             <input type="submit" name="Delete" value="Delete">
73:                         </form>
74:                     </td>


Stacktrace:
17:41:15.926 [http-nio-8080-exec-3] ERROR com.project.controllers.ControllerService - null
17:42:22.157 [http-nio-8080-exec-2] ERROR com.project.controllers.ControllerService - null
17:44:38.221 [http-nio-8080-exec-2] ERROR com.project.controllers.ControllerService - null
17:45:05.908 [http-nio-8080-exec-3] ERROR com.project.daoImpl.UserDaoImpl - Column 'id' not found.
17:45:05.930 [http-nio-8080-exec-3] ERROR com.project.daoImpl.RoleDaoImpl - Can not issue data manipulation statements with executeQuery().
17:45:05.947 [http-nio-8080-exec-3] ERROR com.project.daoImpl.UserDaoImpl - Can not issue data manipulation statements with executeQuery().
17:45:21.719 [http-nio-8080-exec-8] ERROR com.project.daoImpl.UserDaoImpl - Column 'id' not found.
17:45:21.735 [http-nio-8080-exec-8] ERROR com.project.daoImpl.RoleDaoImpl - Can not issue data manipulation statements with executeQuery().
17:45:21.751 [http-nio-8080-exec-8] ERROR com.project.daoImpl.UserDaoImpl - Can not issue data manipulation statements with executeQuery().
17:45:30.030 [http-nio-8080-exec-6] ERROR com.project.daoImpl.UserDaoImpl - Column 'id' not found.
17:45:30.046 [http-nio-8080-exec-6] ERROR com.project.daoImpl.RoleDaoImpl - Can not issue data manipulation statements with executeQuery().
17:45:30.060 [http-nio-8080-exec-6] ERROR com.project.daoImpl.UserDaoImpl - Can not issue data manipulation statements with executeQuery().
17:46:15.152 [http-nio-8080-exec-3] ERROR com.project.daoImpl.UserDaoImpl - Column 'id' not found.
17:46:24.900 [http-nio-8080-exec-3] ERROR com.project.daoImpl.RoleDaoImpl - Can not issue data manipulation statements with executeQuery().
17:46:24.918 [http-nio-8080-exec-3] ERROR com.project.daoImpl.UserDaoImpl - Can not issue data manipulation statements with executeQuery().
17:48:51.243 [http-nio-8080-exec-3] ERROR com.project.daoImpl.RoleDaoImpl - Can not issue data manipulation statements with executeQuery().
17:48:51.263 [http-nio-8080-exec-3] ERROR com.project.daoImpl.UserDaoImpl - Can not issue data manipulation statements with executeQuery().
17:51:08.961 [http-nio-8080-exec-2] ERROR com.project.daoImpl.RoleDaoImpl - Can not issue data manipulation statements with executeQuery().
17:51:08.994 [http-nio-8080-exec-2] ERROR com.project.daoImpl.UserDaoImpl - Can not issue data manipulation statements with executeQuery().
17:55:05.184 [http-nio-8080-exec-5] ERROR com.project.daoImpl.RoleDaoImpl - Can not issue data manipulation statements with executeQuery().
17:55:05.214 [http-nio-8080-exec-5] ERROR com.project.daoImpl.UserDaoImpl - Can not issue data manipulation statements with executeQuery().
17:55:57.057 [http-nio-8080-exec-2] ERROR com.project.daoImpl.RoleDaoImpl - Can not issue data manipulation statements with executeQuery().
17:55:57.080 [http-nio-8080-exec-2] ERROR com.project.daoImpl.UserDaoImpl - Can not issue data manipulation statements with executeQuery().
17:59:36.439 [http-nio-8080-exec-8] ERROR com.project.daoImpl.RoleDaoImpl - Can not issue data manipulation statements with executeQuery().
17:59:36.466 [http-nio-8080-exec-8] ERROR com.project.daoImpl.UserDaoImpl - Can not issue data manipulation statements with executeQuery().
18:07:15.461 [http-nio-8080-exec-3] ERROR com.project.daoImpl.RoleDaoImpl - Can not issue data manipulation statements with executeQuery().
18:07:15.489 [http-nio-8080-exec-3] ERROR com.project.daoImpl.UserDaoImpl - Can not issue data manipulation statements with executeQuery().
18:13:22.224 [http-nio-8080-exec-3] ERROR com.project.daoImpl.RoleDaoImpl - Parameter index out of range (1 > number of parameters, which is 0).
18:13:22.263 [http-nio-8080-exec-3] ERROR com.project.daoImpl.UserDaoImpl - You have an error in your SQL syntax; check the manual that corresponds to your MySQL server version for the right syntax to use near '?37' at line 1
18:26:20.631 [http-nio-8080-exec-2] ERROR com.project.controllers.ControllerService - null
16:36:10.077 [http-nio-8080-exec-4] ERROR com.project.utils.WrapperConnector - D:\Project\Java\FinalProjectForEpam\src\main\resources\database.properties (The system cannot find the path specified)
16:36:10.085 [http-nio-8080-exec-4] ERROR com.project.controllers.ControllerService - null
23:25:56.776 [http-nio-8080-exec-4] ERROR com.project.controllers.ControllerService - Cannot create a session after the response has been committed
23:29:55.753 [http-nio-8080-exec-3] ERROR com.project.controllers.ControllerService - Cannot create a session after the response has been committed
23:29:59.218 [http-nio-8080-exec-6] ERROR com.project.controllers.ControllerService - Cannot create a session after the response has been committed
23:35:03.481 [http-nio-8080-exec-4] ERROR com.project.controllers.ControllerService - Cannot create a session after the response has been committed
23:35:47.933 [http-nio-8080-exec-3] ERROR com.project.controllers.ControllerService - Cannot create a session after the response has been committed
23:36:42.182 [http-nio-8080-exec-2] ERROR com.project.controllers.ControllerService - Cannot create a session after the response has been committed
23:42:40.210 [http-nio-8080-exec-3] ERROR com.project.controllers.ControllerService - Cannot create a session after the response has been committed
23:44:15.031 [http-nio-8080-exec-3] ERROR com.project.controllers.ControllerService - Cannot create a session after the response has been committed
23:44:18.908 [http-nio-8080-exec-5] ERROR com.project.controllers.ControllerService - Cannot create a session after the response has been committed
23:45:01.703 [http-nio-8080-exec-3] ERROR com.project.controllers.ControllerService - Cannot create a session after the response has been committed
23:45:04.075 [http-nio-8080-exec-5] ERROR com.project.controllers.ControllerService - Cannot create a session after the response has been committed
23:45:42.388 [http-nio-8080-exec-4] ERROR com.project.controllers.ControllerService - Cannot create a session after the response has been committed
23:45:44.692 [http-nio-8080-exec-6] ERROR com.project.controllers.ControllerService - Cannot create a session after the response has been committed
23:47:52.246 [http-nio-8080-exec-3] ERROR com.project.controllers.ControllerService - Cannot create a session after the response has been committed
23:47:54.722 [http-nio-8080-exec-5] ERROR com.project.controllers.ControllerService - Cannot create a session after the response has been committed
17:45:06.189 [http-nio-8080-exec-4] ERROR com.project.controllers.ControllerService - Cannot create a session after the response has been committed
17:45:09.841 [http-nio-8080-exec-7] ERROR com.project.controllers.ControllerService - Cannot create a session after the response has been committed
17:46:15.717 [http-nio-8080-exec-3] ERROR com.project.controllers.ControllerService - Cannot create a session after the response has been committed
17:46:18.128 [http-nio-8080-exec-7] ERROR com.project.controllers.ControllerService - Cannot create a session after the response has been committed
17:47:31.761 [http-nio-8080-exec-4] ERROR com.project.controllers.ControllerService - Cannot create a session after the response has been committed
17:47:34.235 [http-nio-8080-exec-8] ERROR com.project.controllers.ControllerService - Cannot create a session after the response has been committed
17:48:55.818 [http-nio-8080-exec-3] ERROR com.project.controllers.ControllerService - Cannot create a session after the response has been committed
17:48:58.980 [http-nio-8080-exec-6] ERROR com.project.controllers.ControllerService - Cannot create a session after the response has been committed
17:50:19.628 [http-nio-8080-exec-3] ERROR com.project.controllers.ControllerService - Cannot create a session after the response has been committed
17:50:51.540 [http-nio-8080-exec-10] ERROR com.project.controllers.ControllerService - Cannot create a session after the response has been committed
17:51:24.979 [http-nio-8080-exec-3] ERROR com.project.controllers.ControllerService - Cannot create a session after the response has been committed
17:51:28.596 [http-nio-8080-exec-7] ERROR com.project.controllers.ControllerService - Cannot create a session after the response has been committed
17:53:31.642 [http-nio-8080-exec-3] ERROR com.project.controllers.ControllerService - Cannot create a session after the response has been committed
17:53:36.326 [http-nio-8080-exec-7] ERROR com.project.controllers.ControllerService - Cannot create a session after the response has been committed
17:54:32.209 [http-nio-8080-exec-1] ERROR com.project.controllers.ControllerService - Cannot create a session after the response has been committed
17:55:02.084 [http-nio-8080-exec-1] ERROR com.project.controllers.ControllerService - Cannot create a session after the response has been committed
17:57:58.712 [http-nio-8080-exec-4] ERROR com.project.controllers.ControllerService - Cannot create a session after the response has been committed
17:58:00.942 [http-nio-8080-exec-7] ERROR com.project.controllers.ControllerService - Cannot create a session after the response has been committed
18:11:40.891 [http-nio-8080-exec-5] ERROR com.project.daoImpl.UserDaoImpl - No value specified for parameter 2
18:11:40.985 [http-nio-8080-exec-5] ERROR com.project.controllers.ControllerService - Cannot create a session after the response has been committed
18:12:00.019 [http-nio-8080-exec-1] ERROR com.project.daoImpl.UserDaoImpl - No value specified for parameter 2
18:12:00.117 [http-nio-8080-exec-1] ERROR com.project.controllers.ControllerService - Cannot create a session after the response has been committed
18:12:50.157 [http-nio-8080-exec-1] ERROR com.project.daoImpl.UserDaoImpl - No value specified for parameter 2
18:12:50.252 [http-nio-8080-exec-1] ERROR com.project.controllers.ControllerService - Cannot create a session after the response has been committed
18:12:54.771 [http-nio-8080-exec-5] ERROR com.project.daoImpl.UserDaoImpl - No value specified for parameter 2
18:12:54.789 [http-nio-8080-exec-5] ERROR com.project.controllers.ControllerService - Cannot create a session after the response has been committed
18:13:55.585 [http-nio-8080-exec-4] ERROR com.project.daoImpl.UserDaoImpl - No value specified for parameter 2
18:13:55.680 [http-nio-8080-exec-4] ERROR com.project.controllers.ControllerService - Cannot create a session after the response has been committed
18:15:37.194 [http-nio-8080-exec-1] ERROR com.project.daoImpl.UserDaoImpl - No value specified for parameter 2
18:15:37.333 [http-nio-8080-exec-1] ERROR com.project.controllers.ControllerService - Cannot create a session after the response has been committed
